Using pre-set license

 COMMAND LINE ARGUMENTS:
/Applications/Unity/Hub/Editor/2020.3.2f1/Unity.app/Contents/MacOS/Unity
-adb2
-batchMode
-noUpm
-name
AssetImportWorker0
-projectPath
/Users/a.carretero.calvo/Documents/Proyectos/Personales/Unity/FlappyBird
-logFile
Logs/AssetImportWorker0.log
-srvPort
51614
Successfully changed project path to: /Users/a.carretero.calvo/Documents/Proyectos/Personales/Unity/FlappyBird
/Users/a.carretero.calvo/Documents/Proyectos/Personales/Unity/FlappyBird
Using Asset Import Pipeline V2.
Refreshing native plugins compatible for Editor in 61.63 ms, found 2 plugins.
Preloading 0 native plugins for Editor in 0.00 ms.
Initialize engine version: 2020.3.2f1 (8fd9074bf66c)
[Subsystems] Discovering subsystems at path /Applications/Unity/Hub/Editor/2020.3.2f1/Unity.app/Contents/Resources/UnitySubsystems
[Subsystems] Discovering subsystems at path /Users/a.carretero.calvo/Documents/Proyectos/Personales/Unity/FlappyBird/Assets
GfxDevice: creating device client; threaded=0
2021-03-31 09:00:28.519 Unity[7398:68552] DELL U2414H preferred device: AMD Radeon Pro 5300M (high power)
2021-03-31 09:00:28.519 Unity[7398:68552] Metal devices available: 2
2021-03-31 09:00:28.520 Unity[7398:68552] 0: AMD Radeon Pro 5300M (high power)
2021-03-31 09:00:28.520 Unity[7398:68552] 1: Intel(R) UHD Graphics 630 (low power)
2021-03-31 09:00:28.521 Unity[7398:68552] Using device AMD Radeon Pro 5300M (high power)
Initializing Metal device caps: AMD Radeon Pro 5300M
Initialize mono
Mono path[0] = '/Applications/Unity/Hub/Editor/2020.3.2f1/Unity.app/Contents/Managed'
Mono path[1] = '/Applications/Unity/Hub/Editor/2020.3.2f1/Unity.app/Contents/MonoBleedingEdge/lib/mono/unityjit'
Mono config path = '/Applications/Unity/Hub/Editor/2020.3.2f1/Unity.app/Contents/MonoBleedingEdge/etc'
Using monoOptions --debugger-agent=transport=dt_socket,embedding=1,server=y,suspend=n,address=127.0.0.1:56398
Begin MonoManager ReloadAssembly
Registering precompiled unity dll's ...
Register platform support module: /Applications/Unity/Hub/Editor/2020.3.2f1/PlaybackEngines/WebGLSupport/UnityEditor.WebGL.Extensions.dll
Register platform support module: /Applications/Unity/Hub/Editor/2020.3.2f1/Unity.app/Contents/PlaybackEngines/MacStandaloneSupport/UnityEditor.OSXStandalone.Extensions.dll
Register platform support module: /Applications/Unity/Hub/Editor/2020.3.2f1/PlaybackEngines/WindowsStandaloneSupport/UnityEditor.WindowsStandalone.Extensions.dll
Register platform support module: /Applications/Unity/Hub/Editor/2020.3.2f1/PlaybackEngines/LinuxStandaloneSupport/UnityEditor.LinuxStandalone.Extensions.dll
Registered in 0.083163 seconds.
Native extension for LinuxStandalone target not found
Native extension for WindowsStandalone target not found
Native extension for OSXStandalone target not found
Native extension for WebGL target not found
Refreshing native plugins compatible for Editor in 37.69 ms, found 2 plugins.
Preloading 0 native plugins for Editor in 0.00 ms.
Invoked RoslynAnalysisRunner static constructor.
RoslynAnalysisRunner will not be running.
RoslynAnalysisRunner has terminated.
Mono: successfully reloaded assembly
- Completed reload, in  4.663 seconds
Platform modules already initialized, skipping
Registering precompiled user dll's ...
Registered in 0.038626 seconds.
Begin MonoManager ReloadAssembly
Native extension for LinuxStandalone target not found
Native extension for WindowsStandalone target not found
Native extension for OSXStandalone target not found
Native extension for WebGL target not found
Refreshing native plugins compatible for Editor in 29.69 ms, found 2 plugins.
Preloading 0 native plugins for Editor in 0.00 ms.
Invoked RoslynAnalysisRunner static constructor.
RoslynAnalysisRunner will not be running.
RoslynAnalysisRunner has terminated.
Mono: successfully reloaded assembly
- Completed reload, in  2.199 seconds
Platform modules already initialized, skipping
========================================================================
Worker process is ready to serve import requests
Launching external process: /Applications/Unity/Hub/Editor/2020.3.2f1/Unity.app/Contents/Tools/UnityShaderCompiler
Launched and connected shader compiler UnityShaderCompiler after 0.01 seconds
Refreshing native plugins compatible for Editor in 0.33 ms, found 2 plugins.
Preloading 0 native plugins for Editor in 0.00 ms.
Unloading 1835 Unused Serialized files (Serialized files now loaded: 0)
System memory in use before: 151.0 MB.
System memory in use after: 151.1 MB.

Unloading 19 unused Assets to reduce memory usage. Loaded Objects now: 2282.
Total: 1.993541 ms (FindLiveObjects: 0.195243 ms CreateObjectMapping: 0.066659 ms MarkObjects: 1.651495 ms  DeleteObjects: 0.079201 ms)

========================================================================
Received Import Request.
  path: Assets/Scenes/Game.unity
  artifactKey: Guid(c44c42fd2e78f41f6badb4e57fb850af) Importer(815301076,1909f56bfc062723c751e8b465ee728b)
Start importing Assets/Scenes/Game.unity using Guid(c44c42fd2e78f41f6badb4e57fb850af) Importer(815301076,1909f56bfc062723c751e8b465ee728b)  -> (artifact id: 'b82753b37cfa44aa594eb358ba55f8f5') in 0.014737 seconds
  Import took 0.018988 seconds .

========================================================================
Received Prepare
Registering precompiled user dll's ...
Registered in 0.002277 seconds.
Begin MonoManager ReloadAssembly
Native extension for LinuxStandalone target not found
Native extension for WindowsStandalone target not found
Native extension for OSXStandalone target not found
Native extension for WebGL target not found
Refreshing native plugins compatible for Editor in 0.34 ms, found 2 plugins.
Preloading 0 native plugins for Editor in 0.00 ms.
Invoked RoslynAnalysisRunner static constructor.
RoslynAnalysisRunner will not be running.
RoslynAnalysisRunner has terminated.
Mono: successfully reloaded assembly
- Completed reload, in  0.898 seconds
Platform modules already initialized, skipping
Refreshing native plugins compatible for Editor in 0.32 ms, found 2 plugins.
Preloading 0 native plugins for Editor in 0.00 ms.
Unloading 1812 Unused Serialized files (Serialized files now loaded: 0)
System memory in use before: 149.5 MB.
System memory in use after: 149.6 MB.

Unloading 7 unused Assets to reduce memory usage. Loaded Objects now: 2286.
Total: 1.753858 ms (FindLiveObjects: 0.175750 ms CreateObjectMapping: 0.058502 ms MarkObjects: 1.502485 ms  DeleteObjects: 0.016424 ms)

========================================================================
Received Import Request.
  Time since last request: 10.521340 seconds.
  path: Assets/Scenes/Start.unity
  artifactKey: Guid(16c1b2bbc60de4ff4a1706747f80e788) Importer(815301076,1909f56bfc062723c751e8b465ee728b)
Start importing Assets/Scenes/Start.unity using Guid(16c1b2bbc60de4ff4a1706747f80e788) Importer(815301076,1909f56bfc062723c751e8b465ee728b)  -> (artifact id: 'cdec29b349ee77053b013dca450717e1') in 0.011831 seconds
  Import took 0.015312 seconds .

========================================================================
Received Prepare
Registering precompiled user dll's ...
Registered in 0.001158 seconds.
Begin MonoManager ReloadAssembly
Native extension for LinuxStandalone target not found
Native extension for WindowsStandalone target not found
Native extension for OSXStandalone target not found
Native extension for WebGL target not found
Refreshing native plugins compatible for Editor in 0.32 ms, found 2 plugins.
Preloading 0 native plugins for Editor in 0.00 ms.
Invoked RoslynAnalysisRunner static constructor.
RoslynAnalysisRunner will not be running.
RoslynAnalysisRunner has terminated.
Mono: successfully reloaded assembly
- Completed reload, in  0.902 seconds
Platform modules already initialized, skipping
Refreshing native plugins compatible for Editor in 0.29 ms, found 2 plugins.
Preloading 0 native plugins for Editor in 0.00 ms.
Unloading 1812 Unused Serialized files (Serialized files now loaded: 0)
System memory in use before: 149.7 MB.
System memory in use after: 149.8 MB.

Unloading 7 unused Assets to reduce memory usage. Loaded Objects now: 2290.
Total: 1.810592 ms (FindLiveObjects: 0.181526 ms CreateObjectMapping: 0.058354 ms MarkObjects: 1.554492 ms  DeleteObjects: 0.015442 ms)

========================================================================
Received Import Request.
  Time since last request: 23.441006 seconds.
  path: Assets/Scripts
  artifactKey: Guid(54f64f0ba8b854aea8579e27baf1104a) Importer(815301076,1909f56bfc062723c751e8b465ee728b)
Start importing Assets/Scripts using Guid(54f64f0ba8b854aea8579e27baf1104a) Importer(815301076,1909f56bfc062723c751e8b465ee728b)  -> (artifact id: 'fddd0dbfc5426e4e74b96f2d7bc9f796') in 0.005224 seconds
  Import took 0.008907 seconds .

========================================================================
Received Import Request.
  Time since last request: 1.678966 seconds.
  path: Assets/Scripts/MenuManager.cs
  artifactKey: Guid(bdd80a9ec3e664762b98381a9bf0506e) Importer(815301076,1909f56bfc062723c751e8b465ee728b)
Start importing Assets/Scripts/MenuManager.cs using Guid(bdd80a9ec3e664762b98381a9bf0506e) Importer(815301076,1909f56bfc062723c751e8b465ee728b)  -> (artifact id: '462a968373c4a16c1c7e1b50c1a5efed') in 0.732021 seconds
  Import took 0.734997 seconds .

========================================================================
Received Import Request.
  Time since last request: 3.262037 seconds.
  path: Assets/Scripts/Obstacle.cs
  artifactKey: Guid(cc3d9f20dc59f4790bd5db8fdcd57d33) Importer(815301076,1909f56bfc062723c751e8b465ee728b)
Start importing Assets/Scripts/Obstacle.cs using Guid(cc3d9f20dc59f4790bd5db8fdcd57d33) Importer(815301076,1909f56bfc062723c751e8b465ee728b)  -> (artifact id: 'bddb098e1ef54aebb988cf63e3b5ed85') in 0.004105 seconds
  Import took 0.008196 seconds .

========================================================================
Received Import Request.
  Time since last request: 0.001714 seconds.
  path: Assets/Scripts/Obstacle.cs
  artifactKey: Guid(cc3d9f20dc59f4790bd5db8fdcd57d33) Importer(815301076,1909f56bfc062723c751e8b465ee728b)
Start importing Assets/Scripts/Obstacle.cs using Guid(cc3d9f20dc59f4790bd5db8fdcd57d33) Importer(815301076,1909f56bfc062723c751e8b465ee728b)  -> (artifact id: 'bddb098e1ef54aebb988cf63e3b5ed85') in 0.003628 seconds
  Import took 0.006778 seconds .

========================================================================
Received Import Request.
  Time since last request: 3.696439 seconds.
  path: Assets/Scripts/ObstacleGenerator.cs
  artifactKey: Guid(50af258e7ef9b48498a18c3805ee38e0) Importer(815301076,1909f56bfc062723c751e8b465ee728b)
Start importing Assets/Scripts/ObstacleGenerator.cs using Guid(50af258e7ef9b48498a18c3805ee38e0) Importer(815301076,1909f56bfc062723c751e8b465ee728b)  -> (artifact id: '099c395c18ef571022bddbf4f965086e') in 0.004488 seconds
  Import took 0.007671 seconds .

========================================================================
Received Import Request.
  Time since last request: 6.196489 seconds.
  path: Assets/Scripts/Player.cs
  artifactKey: Guid(099d054788656426c995f30b96258598) Importer(815301076,1909f56bfc062723c751e8b465ee728b)
Start importing Assets/Scripts/Player.cs using Guid(099d054788656426c995f30b96258598) Importer(815301076,1909f56bfc062723c751e8b465ee728b)  -> (artifact id: '061a2eafac92e62295c3ff87ff0d5e86') in 0.004265 seconds
  Import took 0.008352 seconds .

========================================================================
Received Import Request.
  Time since last request: 4.091547 seconds.
  path: Assets/Scripts/Points.cs
  artifactKey: Guid(cbd322040a30c4f7aa56788552300488) Importer(815301076,1909f56bfc062723c751e8b465ee728b)
Start importing Assets/Scripts/Points.cs using Guid(cbd322040a30c4f7aa56788552300488) Importer(815301076,1909f56bfc062723c751e8b465ee728b)  -> (artifact id: 'fd389250117c9493bf5c44b8df87990a') in 0.003739 seconds
  Import took 0.007558 seconds .

========================================================================
Received Import Request.
  Time since last request: 2.179478 seconds.
  path: Assets/Scripts/PointsArea.cs
  artifactKey: Guid(d24969ddc12ac4955afdb286dd6d9ad5) Importer(815301076,1909f56bfc062723c751e8b465ee728b)
Start importing Assets/Scripts/PointsArea.cs using Guid(d24969ddc12ac4955afdb286dd6d9ad5) Importer(815301076,1909f56bfc062723c751e8b465ee728b)  -> (artifact id: 'c5ad5166077e2e7f6f15ac98df921008') in 0.004971 seconds
  Import took 0.008576 seconds .

========================================================================
Received Import Request.
  Time since last request: 0.001117 seconds.
  path: Assets/Scripts/PointsArea.cs
  artifactKey: Guid(d24969ddc12ac4955afdb286dd6d9ad5) Importer(815301076,1909f56bfc062723c751e8b465ee728b)
Start importing Assets/Scripts/PointsArea.cs using Guid(d24969ddc12ac4955afdb286dd6d9ad5) Importer(815301076,1909f56bfc062723c751e8b465ee728b)  -> (artifact id: 'c5ad5166077e2e7f6f15ac98df921008') in 0.004303 seconds
  Import took 0.007621 seconds .

========================================================================
Received Import Request.
  Time since last request: 2.374132 seconds.
  path: Assets/Scripts/SceneController.cs
  artifactKey: Guid(482ef9570a7a14ae6827bd5c8fc1d6e6) Importer(815301076,1909f56bfc062723c751e8b465ee728b)
Start importing Assets/Scripts/SceneController.cs using Guid(482ef9570a7a14ae6827bd5c8fc1d6e6) Importer(815301076,1909f56bfc062723c751e8b465ee728b)  -> (artifact id: '3cb59501290d4f7b92b255216c91251c') in 0.004338 seconds
  Import took 0.007792 seconds .

========================================================================
Received Import Request.
  Time since last request: 0.001295 seconds.
  path: Assets/Scripts/SceneController.cs
  artifactKey: Guid(482ef9570a7a14ae6827bd5c8fc1d6e6) Importer(815301076,1909f56bfc062723c751e8b465ee728b)
Start importing Assets/Scripts/SceneController.cs using Guid(482ef9570a7a14ae6827bd5c8fc1d6e6) Importer(815301076,1909f56bfc062723c751e8b465ee728b)  -> (artifact id: '3cb59501290d4f7b92b255216c91251c') in 0.010358 seconds
  Import took 0.013291 seconds .

========================================================================
Received Prepare
Registering precompiled user dll's ...
Registered in 0.001315 seconds.
Begin MonoManager ReloadAssembly
Native extension for LinuxStandalone target not found
Native extension for WindowsStandalone target not found
Native extension for OSXStandalone target not found
Native extension for WebGL target not found
Refreshing native plugins compatible for Editor in 0.32 ms, found 2 plugins.
Preloading 0 native plugins for Editor in 0.00 ms.
Invoked RoslynAnalysisRunner static constructor.
RoslynAnalysisRunner will not be running.
RoslynAnalysisRunner has terminated.
Mono: successfully reloaded assembly
- Completed reload, in  1.126 seconds
Platform modules already initialized, skipping
Refreshing native plugins compatible for Editor in 0.30 ms, found 2 plugins.
Preloading 0 native plugins for Editor in 0.00 ms.
Unloading 1812 Unused Serialized files (Serialized files now loaded: 0)
System memory in use before: 154.4 MB.
System memory in use after: 154.5 MB.

Unloading 7 unused Assets to reduce memory usage. Loaded Objects now: 2294.
Total: 2.340467 ms (FindLiveObjects: 0.175842 ms CreateObjectMapping: 0.066683 ms MarkObjects: 2.084505 ms  DeleteObjects: 0.012534 ms)

========================================================================
Received Prepare
Registering precompiled user dll's ...
Registered in 0.001416 seconds.
Begin MonoManager ReloadAssembly
Native extension for LinuxStandalone target not found
Native extension for WindowsStandalone target not found
Native extension for OSXStandalone target not found
Native extension for WebGL target not found
Refreshing native plugins compatible for Editor in 0.34 ms, found 2 plugins.
Preloading 0 native plugins for Editor in 0.00 ms.
Invoked RoslynAnalysisRunner static constructor.
RoslynAnalysisRunner will not be running.
RoslynAnalysisRunner has terminated.
Mono: successfully reloaded assembly
- Completed reload, in  1.045 seconds
Platform modules already initialized, skipping
Refreshing native plugins compatible for Editor in 0.33 ms, found 2 plugins.
Preloading 0 native plugins for Editor in 0.00 ms.
Unloading 1812 Unused Serialized files (Serialized files now loaded: 0)
System memory in use before: 154.6 MB.
System memory in use after: 154.7 MB.

Unloading 7 unused Assets to reduce memory usage. Loaded Objects now: 2298.
Total: 1.886800 ms (FindLiveObjects: 0.238769 ms CreateObjectMapping: 0.062859 ms MarkObjects: 1.571523 ms  DeleteObjects: 0.012896 ms)

========================================================================
Received Import Request.
  Time since last request: 158.968691 seconds.
  path: Assets/Scripts/Player.cs
  artifactKey: Guid(099d054788656426c995f30b96258598) Importer(815301076,1909f56bfc062723c751e8b465ee728b)
Start importing Assets/Scripts/Player.cs using Guid(099d054788656426c995f30b96258598) Importer(815301076,1909f56bfc062723c751e8b465ee728b)  -> (artifact id: '56f398f58ae3d925522222430de10a1b') in 0.006644 seconds
  Import took 0.010554 seconds .

========================================================================
Received Import Request.
  Time since last request: 0.000310 seconds.
  path: Assets/Scripts/Player.cs
  artifactKey: Guid(099d054788656426c995f30b96258598) Importer(815301076,1909f56bfc062723c751e8b465ee728b)
Start importing Assets/Scripts/Player.cs using Guid(099d054788656426c995f30b96258598) Importer(815301076,1909f56bfc062723c751e8b465ee728b)  -> (artifact id: '56f398f58ae3d925522222430de10a1b') in 0.003106 seconds
  Import took 0.005944 seconds .

========================================================================
Received Prepare
Registering precompiled user dll's ...
Registered in 0.001259 seconds.
Begin MonoManager ReloadAssembly
Native extension for LinuxStandalone target not found
Native extension for WindowsStandalone target not found
Native extension for OSXStandalone target not found
Native extension for WebGL target not found
Refreshing native plugins compatible for Editor in 0.36 ms, found 2 plugins.
Preloading 0 native plugins for Editor in 0.00 ms.
Invoked RoslynAnalysisRunner static constructor.
RoslynAnalysisRunner will not be running.
RoslynAnalysisRunner has terminated.
Mono: successfully reloaded assembly
- Completed reload, in  1.070 seconds
Platform modules already initialized, skipping
Refreshing native plugins compatible for Editor in 0.32 ms, found 2 plugins.
Preloading 0 native plugins for Editor in 0.00 ms.
Unloading 1812 Unused Serialized files (Serialized files now loaded: 0)
System memory in use before: 154.8 MB.
System memory in use after: 154.9 MB.

Unloading 7 unused Assets to reduce memory usage. Loaded Objects now: 2302.
Total: 2.094945 ms (FindLiveObjects: 0.386738 ms CreateObjectMapping: 0.080492 ms MarkObjects: 1.613367 ms  DeleteObjects: 0.012522 ms)

========================================================================
Received Prepare
Registering precompiled user dll's ...
Registered in 0.001176 seconds.
Begin MonoManager ReloadAssembly
Native extension for LinuxStandalone target not found
Native extension for WindowsStandalone target not found
Native extension for OSXStandalone target not found
Native extension for WebGL target not found
Refreshing native plugins compatible for Editor in 0.34 ms, found 2 plugins.
Preloading 0 native plugins for Editor in 0.00 ms.
Invoked RoslynAnalysisRunner static constructor.
RoslynAnalysisRunner will not be running.
RoslynAnalysisRunner has terminated.
Mono: successfully reloaded assembly
- Completed reload, in  0.902 seconds
Platform modules already initialized, skipping
Refreshing native plugins compatible for Editor in 0.31 ms, found 2 plugins.
Preloading 0 native plugins for Editor in 0.00 ms.
Unloading 1812 Unused Serialized files (Serialized files now loaded: 0)
System memory in use before: 155.0 MB.
System memory in use after: 155.1 MB.

Unloading 7 unused Assets to reduce memory usage. Loaded Objects now: 2306.
Total: 1.774362 ms (FindLiveObjects: 0.162006 ms CreateObjectMapping: 0.060198 ms MarkObjects: 1.539948 ms  DeleteObjects: 0.011377 ms)

